# This file was automatically created by FeynRules 2.3.24
# Mathematica version: 12.0.0 for Mac OS X x86 (64-bit) (April 7, 2019)
# Date: Tue 5 May 2020 11:40:22


# 
# This is the logfile for the model StealthMesons_SU2R

# Authors: Bryan Ostdiek, Tom Tong
# Model version: 1.0
# Checking the Quantum numbers
   * Electric charge defined.
# Checking the Lagrangians
   * All Lagrangians are ok.
#
# Particle definitions
#

   * No particles removed. All particles correspond to GenInt setup.

# Automatically assigned PDG numbers
   * Assigned PDG number 9000001 to particle ghA
   * Assigned PDG number 9000002 to particle ghZ
   * Assigned PDG number 9000003 to particle ghWp
   * Assigned PDG number 9000004 to particle ghWm
   * Assigned PDG number 9000005 to particle rho0
   * Assigned PDG number 9000006 to particle DP+
   * Assigned PDG number 9000007 to particle DP0


# Compulsory PDG codes:
   * Class SM leptons complete.
   * Class SM neutrinos complete.
   * Class SM quarks complete.
   * Class SM gauge bosons complete.
#
# Parameter definitions
#

   * Parameter cPiWPi is complex, but declared as real. Changing type to complex.


# Vertices
   * Calling FeynmanRules for 2 Lagrangians.
   * Number of classes vertices: 134
   * Number of flavored vertices: 204
   * Saved vertices in InterfaceRun[ 1 ].
   * Checked QNumber conservation.
      - Quantum number GhostNumber conserved in all vertices.
      - Quantum number LeptonNumber conserved in all vertices.
      - Quantum number Q conserved in all vertices.
      - Quantum number Y NOT conserved in the following vertices
          {DPbar, ebar, ve}
          {DPbar, mubar, vm}
          {DPbar, tabar, vt}
          {DPbar, dbar, u}
          {DPbar, sbar, c}
          {DPbar, bbar, t}
          {DP, ubar, d}
          {DP, cbar, s}
          {DP, tbar, b}
          {DP, vebar, e}
          {DP, vmbar, mu}
          {DP, vtbar, ta}
          {DP0, DPbar, W}
          {DPbar, H, W}
          {DP, H, Wbar}
          {DP, DP0, Wbar}
   * particles.py written.
   * parameters.py written.
#
# Vertex definitions
#

   * 204 vertices written.
   * vertices.py written.
#
# Lorentz structure definitions
#

   * 23 lorentz structures written.
   * lorentz.py written.
#
# Coupling definitions
#

   * 159 couplings written.
   * couplings.py written.
#
# Coupling order definitions
#

   * 0 couplings orders written.
   * coupling_orders.py written.
#
# Decay definitions
#

   * 15 decays written.
   * decay.py not written
#
# CTCoupling definitions
#

   * 0 CTcouplings written.
   * CT_couplings.py written.
